The system is: Windows - 10.0.22631 - AMD64
Compiling the C compiler identification source file "CMakeCCompilerId.c" succeeded.
Compiler: C:/Program Files/Microsoft Visual Studio/2022/Community/VC/Tools/MSVC/14.39.33519/bin/Hostx86/x64/cl.exe 
Build flags: 
Id flags:  

The output was:
0
Microsoft (R) C/C++ Optimizing Compiler Version 19.39.33522 for x64
Copyright (C) Microsoft Corporation.  All rights reserved.

CMakeCCompilerId.c
Microsoft (R) Incremental Linker Version 14.39.33522.0
Copyright (C) Microsoft Corporation.  All rights reserved.

/out:CMakeCCompilerId.exe 
CMakeCCompilerId.obj 


Compilation of the C compiler identification source "CMakeCCompilerId.c" produced "CMakeCCompilerId.exe"

Compilation of the C compiler identification source "CMakeCCompilerId.c" produced "CMakeCCompilerId.obj"

The C compiler identification is MSVC, found in "C:/Users/josdd/repos/p/CVFS/out/build/x64-debug/CMakeFiles/3.22.0/CompilerIdC/CMakeCCompilerId.exe"

Compiling the CXX compiler identification source file "CMakeCXXCompilerId.cpp" succeeded.
Compiler: C:/Program Files/Microsoft Visual Studio/2022/Community/VC/Tools/MSVC/14.39.33519/bin/Hostx86/x64/cl.exe 
Build flags: 
Id flags:  

The output was:
0
Microsoft (R) C/C++ Optimizing Compiler Version 19.39.33522 for x64
Copyright (C) Microsoft Corporation.  All rights reserved.

CMakeCXXCompilerId.cpp
Microsoft (R) Incremental Linker Version 14.39.33522.0
Copyright (C) Microsoft Corporation.  All rights reserved.

/out:CMakeCXXCompilerId.exe 
CMakeCXXCompilerId.obj 


Compilation of the CXX compiler identification source "CMakeCXXCompilerId.cpp" produced "CMakeCXXCompilerId.exe"

Compilation of the CXX compiler identification source "CMakeCXXCompilerId.cpp" produced "CMakeCXXCompilerId.obj"

The CXX compiler identification is MSVC, found in "C:/Users/josdd/repos/p/CVFS/out/build/x64-debug/CMakeFiles/3.22.0/CompilerIdCXX/CMakeCXXCompilerId.exe"

Detecting C compiler ABI info compiled with the following output:
Change Dir: C:/Users/josdd/repos/p/CVFS/out/build/x64-debug/CMakeFiles/CMakeTmp

Run Build Command(s):C:/PROGRA~1/MICROS~1/2022/COMMUN~1/Common7/IDE/COMMON~1/MICROS~1/CMake/Ninja/ninja.exe cmTC_269e3 && [1/2] Building C object CMakeFiles\cmTC_269e3.dir\CMakeCCompilerABI.c.obj
[2/2] Linking C executable cmTC_269e3.exe



Detecting CXX compiler ABI info compiled with the following output:
Change Dir: C:/Users/josdd/repos/p/CVFS/out/build/x64-debug/CMakeFiles/CMakeTmp

Run Build Command(s):C:/PROGRA~1/MICROS~1/2022/COMMUN~1/Common7/IDE/COMMON~1/MICROS~1/CMake/Ninja/ninja.exe cmTC_71285 && [1/2] Building CXX object CMakeFiles\cmTC_71285.dir\CMakeCXXCompilerABI.cpp.obj
[2/2] Linking CXX executable cmTC_71285.exe



Performing C SOURCE FILE Test FLAG_SUPPORTED_GS succeeded with the following output:
Change Dir: C:/Users/josdd/repos/p/CVFS/out/build/x64-debug/CMakeFiles/CMakeTmp

Run Build Command(s):C:/PROGRA~1/MICROS~1/2022/COMMUN~1/Common7/IDE/COMMON~1/MICROS~1/CMake/Ninja/ninja.exe cmTC_0b8b8 && [1/2] Building C object CMakeFiles\cmTC_0b8b8.dir\src.c.obj
[2/2] Linking C executable cmTC_0b8b8.exe


Source file was:
int main(void) { return 0; }
Performing C SOURCE FILE Test FLAG_SUPPORTED_Za succeeded with the following output:
Change Dir: C:/Users/josdd/repos/p/CVFS/out/build/x64-debug/CMakeFiles/CMakeTmp

Run Build Command(s):C:/PROGRA~1/MICROS~1/2022/COMMUN~1/Common7/IDE/COMMON~1/MICROS~1/CMake/Ninja/ninja.exe cmTC_17e93 && [1/2] Building C object CMakeFiles\cmTC_17e93.dir\src.c.obj
[2/2] Linking C executable cmTC_17e93.exe


Source file was:
int main(void) { return 0; }
Performing C SOURCE FILE Test FLAG_SUPPORTED_sdl succeeded with the following output:
Change Dir: C:/Users/josdd/repos/p/CVFS/out/build/x64-debug/CMakeFiles/CMakeTmp

Run Build Command(s):C:/PROGRA~1/MICROS~1/2022/COMMUN~1/Common7/IDE/COMMON~1/MICROS~1/CMake/Ninja/ninja.exe cmTC_07ef0 && [1/2] Building C object CMakeFiles\cmTC_07ef0.dir\src.c.obj
[2/2] Linking C executable cmTC_07ef0.exe


Source file was:
int main(void) { return 0; }
Performing C SOURCE FILE Test FLAG_SUPPORTED_W4 succeeded with the following output:
Change Dir: C:/Users/josdd/repos/p/CVFS/out/build/x64-debug/CMakeFiles/CMakeTmp

Run Build Command(s):C:/PROGRA~1/MICROS~1/2022/COMMUN~1/Common7/IDE/COMMON~1/MICROS~1/CMake/Ninja/ninja.exe cmTC_0cc02 && [1/2] Building C object CMakeFiles\cmTC_0cc02.dir\src.c.obj
[2/2] Linking C executable cmTC_0cc02.exe


Source file was:
int main(void) { return 0; }
Performing C SOURCE FILE Test FLAG_SUPPORTED_wd4001 succeeded with the following output:
Change Dir: C:/Users/josdd/repos/p/CVFS/out/build/x64-debug/CMakeFiles/CMakeTmp

Run Build Command(s):C:/PROGRA~1/MICROS~1/2022/COMMUN~1/Common7/IDE/COMMON~1/MICROS~1/CMake/Ninja/ninja.exe cmTC_a6ab3 && [1/2] Building C object CMakeFiles\cmTC_a6ab3.dir\src.c.obj
[2/2] Linking C executable cmTC_a6ab3.exe


Source file was:
int main(void) { return 0; }
Performing C SOURCE FILE Test FLAG_SUPPORTED_DCRTSECURENOWARNINGS succeeded with the following output:
Change Dir: C:/Users/josdd/repos/p/CVFS/out/build/x64-debug/CMakeFiles/CMakeTmp

Run Build Command(s):C:/PROGRA~1/MICROS~1/2022/COMMUN~1/Common7/IDE/COMMON~1/MICROS~1/CMake/Ninja/ninja.exe cmTC_751e1 && [1/2] Building C object CMakeFiles\cmTC_751e1.dir\src.c.obj
[2/2] Linking C executable cmTC_751e1.exe


Source file was:
int main(void) { return 0; }
